Arguments: 
  C:\Program Files\nodejs\node.exe E:\bin\yarn.js install

PATH: 
  C:\Program Files\Microsoft\jdk-11.0.18.10-hotspot\bin;C:\Windows\system32;C:\Windows;C:\Windows\System32\Wbem;C:\Windows\System32\WindowsPowerShell\v1.0\;C:\Windows\System32\OpenSSH\;C:\Program Files (x86)\NVIDIA Corporation\PhysX\Common;E:\bin\;C:\Program Files\nodejs\;E:\Downloads\Git\cmd;C:\MinGW\bin;C:\ProgramData\chocolatey\bin;C:\Users\Ryzen\AppData\Local\Android\Sdk\platform-tools;C:\WINDOWS\system32;C:\WINDOWS;C:\WINDOWS\System32\Wbem;C:\WINDOWS\System32\WindowsPowerShell\v1.0\;C:\WINDOWS\System32\OpenSSH\;C:\ffmpeg-2023-03-20-git-57afccc0ef-full_build\ffmpeg-2023-03-20-git-57afccc0ef-full_build\bin;C:\MinGW\bin;C:\Program Files\dotnet\;C:\Program Files\NVIDIA Corporation\NVIDIA NvDLISR;C:\Users\Ryzen\AppData\Local\Programs\Python\Python311\Scripts\;C:\Users\Ryzen\AppData\Local\Programs\Python\Python311\;C:\Users\Ryzen\AppData\Local\Microsoft\WindowsApps;C:\Users\Ryzen\AppData\Local\Yarn\bin;C:\Users\Ryzen\AppData\Roaming\npm;E:\Downloads\Applications\Ana;C:\Users\Ryzen\AppData\Local\GitHubDesktop\bin;E:\Downloads\Microsoft VS Code\bin;C:\ffmpeg-2023-03-20-git-57afccc0ef-full_build\ffmpeg-2023-03-20-git-57afccc0ef-full_build\bin;C:\Users\Ryzen\.dotnet\tools;C:\Users\Ryzen\dotnet-sdk-6.0.408-win-x64;

Yarn version: 
  1.22.19

Node version: 
  18.15.0

Platform: 
  win32 x64

Trace: 
  Error: https://registry.yarnpkg.com/redux-persis: Not found
      at params.callback [as _callback] (E:\lib\cli.js:66145:18)
      at self.callback (E:\lib\cli.js:140890:22)
      at Request.emit (node:events:513:28)
      at Request.<anonymous> (E:\lib\cli.js:141862:10)
      at Request.emit (node:events:513:28)
      at IncomingMessage.<anonymous> (E:\lib\cli.js:141784:12)
      at Object.onceWrapper (node:events:627:28)
      at IncomingMessage.emit (node:events:525:35)
      at endReadableNT (node:internal/streams/readable:1359:12)
      at process.processTicksAndRejections (node:internal/process/task_queues:82:21)

npm manifest: 
  {
    "name": "social",
    "version": "0.1.0",
    "private": true,
    "dependencies": {
      "@reduxjs/toolkit": "^1.8.5",
      "@testing-library/jest-dom": "^5.14.1",
      "@testing-library/react": "^13.0.0",
      "@testing-library/user-event": "^13.2.1",
      "axios": "^0.27.2",
      "firebase": "^9.11.0",
      "redux-persis": "^2.0.19",
      "react": "^18.2.0",
      "react-dom": "^18.2.0",
      "react-redux": "^8.0.4",
      "react-router-dom": "^6.4.2",
      "react-scripts": "5.0.1",
      "redux-persist": "^6.0.0",
      "web-vitals": "^2.1.0"
    },
    "scripts": {
      "start": "react-scripts start",
      "build": "react-scripts build",
      "test": "react-scripts test",
      "eject": "react-scripts eject"
    },
    "eslintConfig": {
      "extends": [
        "react-app",
        "react-app/jest"
      ]
    },
    "browserslist": {
      "production": [
        ">0.2%",
        "not dead",
        "not op_mini all"
      ],
      "development": [
        "last 1 chrome version",
        "last 1 firefox version",
        "last 1 safari version"
      ]
    }
  }

yarn manifest: 
  No manifest

Lockfile: 
  # THIS IS AN AUTOGENERATED FILE. DO NOT EDIT THIS FILE DIRECTLY.
  # yarn lockfile v1
  
  
  "@babel/runtime@^7.12.1", "@babel/runtime@^7.9.2":
    version "7.21.0"
    resolved "https://registry.npmjs.org/@babel/runtime/-/runtime-7.21.0.tgz"
    integrity sha512-xwII0//EObnq89Ji5AKYQaRYiW/nZ3llSv29d49IuxPhKbtJoLP+9QUUZ4nVragQVtaVGeZrpB+ZtG/Pdy/POw==
    dependencies:
      regenerator-runtime "^0.13.11"
  
  "@firebase/analytics-compat@0.2.6":
    version "0.2.6"
    resolved "https://registry.yarnpkg.com/@firebase/analytics-compat/-/analytics-compat-0.2.6.tgz#50063978c42f13eb800e037e96ac4b17236841f4"
    integrity sha512-4MqpVLFkGK7NJf/5wPEEP7ePBJatwYpyjgJ+wQHQGHfzaCDgntOnl9rL2vbVGGKCnRqWtZDIWhctB86UWXaX2Q==
    dependencies:
      "@firebase/analytics" "0.10.0"
      "@firebase/analytics-types" "0.8.0"
      "@firebase/component" "0.6.4"
      "@firebase/util" "1.9.3"
      tslib "^2.1.0"
  
  "@firebase/analytics-types@0.8.0":
    version "0.8.0"
    resolved "https://registry.yarnpkg.com/@firebase/analytics-types/-/analytics-types-0.8.0.tgz#551e744a29adbc07f557306530a2ec86add6d410"
    integrity sha512-iRP+QKI2+oz3UAh4nPEq14CsEjrjD6a5+fuypjScisAh9kXKFvdJOZJDwk7kikLvWVLGEs9+kIUS4LPQV7VZVw==
  
  "@firebase/analytics@0.10.0":
    version "0.10.0"
    resolved "https://registry.yarnpkg.com/@firebase/analytics/-/analytics-0.10.0.tgz#9c6986acd573c6c6189ffb52d0fd63c775db26d7"
    integrity sha512-Locv8gAqx0e+GX/0SI3dzmBY5e9kjVDtD+3zCFLJ0tH2hJwuCAiL+5WkHuxKj92rqQj/rvkBUCfA1ewlX2hehg==
    dependencies:
      "@firebase/component" "0.6.4"
      "@firebase/installations" "0.6.4"
      "@firebase/logger" "0.4.0"
      "@firebase/util" "1.9.3"
      tslib "^2.1.0"
  
  "@firebase/app-check-compat@0.3.6":
    version "0.3.6"
    resolved "https://registry.yarnpkg.com/@firebase/app-check-compat/-/app-check-compat-0.3.6.tgz#6a86bcb0d55a3cf1c0e92df4bdd31ab14cfcade3"
    integrity sha512-azHAeHi9igoaIo04E6Yfuc7aIbWoWuBXuqjyYyWbeCc8Zz/NfJvIAgmXugN4LdxsHJ7XGlZTvwJ6YaYROdSa7A==
    dependencies:
      "@firebase/app-check" "0.7.0"
      "@firebase/app-check-types" "0.5.0"
      "@firebase/component" "0.6.4"
      "@firebase/logger" "0.4.0"
      "@firebase/util" "1.9.3"
      tslib "^2.1.0"
  
  "@firebase/app-check-interop-types@0.2.0":
    version "0.2.0"
    resolved "https://registry.yarnpkg.com/@firebase/app-check-interop-types/-/app-check-interop-types-0.2.0.tgz#9106270114ca4e7732457e8319333866a26285d8"
    integrity sha512-+3PQIeX6/eiVK+x/yg8r6xTNR97fN7MahFDm+jiQmDjcyvSefoGuTTNQuuMScGyx3vYUBeZn+Cp9kC0yY/9uxQ==
  
  "@firebase/app-check-types@0.5.0":
    version "0.5.0"
    resolved "https://registry.yarnpkg.com/@firebase/app-check-types/-/app-check-types-0.5.0.tgz#1b02826213d7ce6a1cf773c329b46ea1c67064f4"
    integrity sha512-uwSUj32Mlubybw7tedRzR24RP8M8JUVR3NPiMk3/Z4bCmgEKTlQBwMXrehDAZ2wF+TsBq0SN1c6ema71U/JPyQ==
  
  "@firebase/app-check@0.7.0":
    version "0.7.0"
    resolved "https://registry.yarnpkg.com/@firebase/app-check/-/app-check-0.7.0.tgz#dbb3d7ecbc42838298ee5d0bacd67a8f3ab3aadf"
    integrity sha512-y0raLJpEtiL+wonfInFMaSfBV/EDvr356ZHMWbpr5F7fR0/I3cC0h7U6SKpKhrbSHJ0fOYIe0xbih20KTlpcnA==
    dependencies:
      "@firebase/component" "0.6.4"
      "@firebase/logger" "0.4.0"
      "@firebase/util" "1.9.3"
      tslib "^2.1.0"
  
  "@firebase/app-compat@0.2.9":
    version "0.2.9"
    resolved "https://registry.yarnpkg.com/@firebase/app-compat/-/app-compat-0.2.9.tgz#2818b9a66376973730e8161a52edf4c4c9762c77"
    integrity sha512-XdnkHNK3XdPrwChmuSJHDA6eYmo2KLAtaAG1SJLGMQ+n+S5/UcufmDkw9GvPh93H1xhPRAwd/vKdjHmE7xp3Zw==
    dependencies:
      "@firebase/app" "0.9.9"
      "@firebase/component" "0.6.4"
      "@firebase/logger" "0.4.0"
      "@firebase/util" "1.9.3"
      tslib "^2.1.0"
  
  "@firebase/app-types@0.9.0":
    version "0.9.0"
    resolved "https://registry.yarnpkg.com/@firebase/app-types/-/app-types-0.9.0.tgz#35b5c568341e9e263b29b3d2ba0e9cfc9ec7f01e"
    integrity sha512-AeweANOIo0Mb8GiYm3xhTEBVCmPwTYAu9Hcd2qSkLuga/6+j9b1Jskl5bpiSQWy9eJ/j5pavxj6eYogmnuzm+Q==
  
  "@firebase/app@0.9.9":
    version "0.9.9"
    resolved "https://registry.yarnpkg.com/@firebase/app/-/app-0.9.9.tgz#0b9fe2eeaedc93ced8b04736269b2c4019ec9ea3"
    integrity sha512-8jzuHtQ/t9XqK+0IAQ/lpylVYzXGKIUKm6U3v7LWor+MGIm+9Ucn+hbrd2iBjH8qfmNrjnQnmf7sWBbdSa54oA==
    dependencies:
      "@firebase/component" "0.6.4"
      "@firebase/logger" "0.4.0"
      "@firebase/util" "1.9.3"
      idb "7.1.1"
      tslib "^2.1.0"
  
  "@firebase/auth-compat@0.4.1":
    version "0.4.1"
    resolved "https://registry.yarnpkg.com/@firebase/auth-compat/-/auth-compat-0.4.1.tgz#4f30d59028fef2351cf427956644acc2109e6648"
    integrity sha512-wCw+6Jz7zCWzMA2bN8vphqEUmxuIFxHfBJiF3rKFTCEFPPXG4ulIcmMT98uuZVVq4xDPk/hxm105xwHBFAwBng==
    dependencies:
      "@firebase/auth" "0.23.1"
      "@firebase/auth-types" "0.12.0"
      "@firebase/component" "0.6.4"
      "@firebase/util" "1.9.3"
      node-fetch "2.6.7"
      tslib "^2.1.0"
  
  "@firebase/auth-interop-types@0.2.1":
    version "0.2.1"
    resolved "https://registry.yarnpkg.com/@firebase/auth-interop-types/-/auth-interop-types-0.2.1.tgz#78884f24fa539e34a06c03612c75f222fcc33742"
    integrity sha512-VOaGzKp65MY6P5FI84TfYKBXEPi6LmOCSMMzys6o2BN2LOsqy7pCuZCup7NYnfbk5OkkQKzvIfHOzTm0UDpkyg==
  
  "@firebase/auth-types@0.12.0":
    version "0.12.0"
    resolved "https://registry.yarnpkg.com/@firebase/auth-types/-/auth-types-0.12.0.tgz#f28e1b68ac3b208ad02a15854c585be6da3e8e79"
    integrity sha512-pPwaZt+SPOshK8xNoiQlK5XIrS97kFYc3Rc7xmy373QsOJ9MmqXxLaYssP5Kcds4wd2qK//amx/c+A8O2fVeZA==
  
  "@firebase/auth@0.23.1":
    version "0.23.1"
    resolved "https://registry.yarnpkg.com/@firebase/auth/-/auth-0.23.1.tgz#03b29fb294b149f9acb2a629bc636e5088ef4367"
    integrity sha512-QubckPA5Ad92HiY20szjdH7EnFxL8gsZzRLyNCmO2oqebVAVuh9pJp6Zb8EA+P/AuMQYMBo6rQ3oIHi9gUCstg==
    dependencies:
      "@firebase/component" "0.6.4"
      "@firebase/logger" "0.4.0"
      "@firebase/util" "1.9.3"
      node-fetch "2.6.7"
      tslib "^2.1.0"
  
  "@firebase/component@0.6.4":
    version "0.6.4"
    resolved "https://registry.yarnpkg.com/@firebase/component/-/component-0.6.4.tgz#8981a6818bd730a7554aa5e0516ffc9b1ae3f33d"
    integrity sha512-rLMyrXuO9jcAUCaQXCMjCMUsWrba5fzHlNK24xz5j2W6A/SRmK8mZJ/hn7V0fViLbxC0lPMtrK1eYzk6Fg03jA==
    dependencies:
      "@firebase/util" "1.9.3"
      tslib "^2.1.0"
  
  "@firebase/database-compat@0.3.4":
    version "0.3.4"
    resolved "https://registry.yarnpkg.com/@firebase/database-compat/-/database-compat-0.3.4.tgz#4e57932f7a5ba761cd5ac946ab6b6ab3f660522c"
    integrity sha512-kuAW+l+sLMUKBThnvxvUZ+Q1ZrF/vFJ58iUY9kAcbX48U03nVzIF6Tmkf0p3WVQwMqiXguSgtOPIB6ZCeF+5Gg==
    dependencies:
      "@firebase/component" "0.6.4"
      "@firebase/database" "0.14.4"
      "@firebase/database-types" "0.10.4"
      "@firebase/logger" "0.4.0"
      "@firebase/util" "1.9.3"
      tslib "^2.1.0"
  
  "@firebase/database-types@0.10.4":
    version "0.10.4"
    resolved "https://registry.yarnpkg.com/@firebase/database-types/-/database-types-0.10.4.tgz#47ba81113512dab637abace61cfb65f63d645ca7"
    integrity sha512-dPySn0vJ/89ZeBac70T+2tWWPiJXWbmRygYv0smT5TfE3hDrQ09eKMF3Y+vMlTdrMWq7mUdYW5REWPSGH4kAZQ==
    dependencies:
      "@firebase/app-types" "0.9.0"
      "@firebase/util" "1.9.3"
  
  "@firebase/database@0.14.4":
    version "0.14.4"
    resolved "https://registry.yarnpkg.com/@firebase/database/-/database-0.14.4.tgz#9e7435a16a540ddfdeb5d99d45618e6ede179aa6"
    integrity sha512-+Ea/IKGwh42jwdjCyzTmeZeLM3oy1h0mFPsTy6OqCWzcu/KFqRAr5Tt1HRCOBlNOdbh84JPZC47WLU18n2VbxQ==
    dependencies:
      "@firebase/auth-interop-types" "0.2.1"
      "@firebase/component" "0.6.4"
      "@firebase/logger" "0.4.0"
      "@firebase/util" "1.9.3"
      faye-websocket "0.11.4"
      tslib "^2.1.0"
  
  "@firebase/firestore-compat@0.3.8":
    version "0.3.8"
    resolved "https://registry.yarnpkg.com/@firebase/firestore-compat/-/firestore-compat-0.3.8.tgz#b8bc23bdfed468dea71718b80fa640dc6e90edde"
    integrity sha512-VrTckDEVBqFWFsHGVdQgCb0Tht/Rrg/nKFp2aat0FaIjr8A9t4Pfcuu32Py25SbiCnr98pyh3RmVYs0kbF/lCA==
    dependencies:
      "@firebase/component" "0.6.4"
      "@firebase/firestore" "3.11.0"
      "@firebase/firestore-types" "2.5.1"
      "@firebase/util" "1.9.3"
      tslib "^2.1.0"
  
  "@firebase/firestore-types@2.5.1":
    version "2.5.1"
    resolved "https://registry.yarnpkg.com/@firebase/firestore-types/-/firestore-types-2.5.1.tgz#464b2ee057956599ca34de50eae957c30fdbabb7"
    integrity sha512-xG0CA6EMfYo8YeUxC8FeDzf6W3FX1cLlcAGBYV6Cku12sZRI81oWcu61RSKM66K6kUENP+78Qm8mvroBcm1whw==
  
  "@firebase/firestore@3.11.0":
    version "3.11.0"
    resolved "https://registry.yarnpkg.com/@firebase/firestore/-/firestore-3.11.0.tgz#d973ea0726c62977e693f6024f671bb3b677c32c"
    integrity sha512-r9qUbjuIKOXAVYwqZaamgXuUJBuV8I2X0Kao5PUxQAPueV2mRapdIlby6awYgjknE8kq1Tlys5Nf5/TV6WtnAg==
    dependencies:
      "@firebase/component" "0.6.4"
      "@firebase/logger" "0.4.0"
      "@firebase/util" "1.9.3"
      "@firebase/webchannel-wrapper" "0.10.0"
      "@grpc/grpc-js" "~1.7.0"
      "@grpc/proto-loader" "^0.6.13"
      node-fetch "2.6.7"
      tslib "^2.1.0"
  
  "@firebase/functions-compat@0.3.4":
    version "0.3.4"
    resolved "https://registry.yarnpkg.com/@firebase/functions-compat/-/functions-compat-0.3.4.tgz#2b37321d893e816fec80435bb7cbca90f293bc0d"
    integrity sha512-kxVxTGyLV1MBR3sp3mI+eQ6JBqz0G5bk310F8eX4HzDFk4xjk5xY0KdHktMH+edM2xs1BOg0vwvvsAHczIjB+w==
    dependencies:
      "@firebase/component" "0.6.4"
      "@firebase/functions" "0.9.4"
      "@firebase/functions-types" "0.6.0"
      "@firebase/util" "1.9.3"
      tslib "^2.1.0"
  
  "@firebase/functions-types@0.6.0":
    version "0.6.0"
    resolved "https://registry.yarnpkg.com/@firebase/functions-types/-/functions-types-0.6.0.tgz#ccd7000dc6fc668f5acb4e6a6a042a877a555ef2"
    integrity sha512-hfEw5VJtgWXIRf92ImLkgENqpL6IWpYaXVYiRkFY1jJ9+6tIhWM7IzzwbevwIIud/jaxKVdRzD7QBWfPmkwCYw==
  
  "@firebase/functions@0.9.4":
    version "0.9.4"
    resolved "https://registry.yarnpkg.com/@firebase/functions/-/functions-0.9.4.tgz#47232500be6847f1c7d3fa74eb36f621bd01a160"
    integrity sha512-3H2qh6U+q+nepO5Hds+Ddl6J0pS+zisuBLqqQMRBHv9XpWfu0PnDHklNmE8rZ+ccTEXvBj6zjkPfdxt6NisvlQ==
    dependencies:
      "@firebase/app-check-interop-types" "0.2.0"
      "@firebase/auth-interop-types" "0.2.1"
      "@firebase/component" "0.6.4"
      "@firebase/messaging-interop-types" "0.2.0"
      "@firebase/util" "1.9.3"
      node-fetch "2.6.7"
      tslib "^2.1.0"
  
  "@firebase/installations-compat@0.2.4":
    version "0.2.4"
    resolved "https://registry.yarnpkg.com/@firebase/installations-compat/-/installations-compat-0.2.4.tgz#b5557c897b4cd3635a59887a8bf69c3731aaa952"
    integrity sha512-LI9dYjp0aT9Njkn9U4JRrDqQ6KXeAmFbRC0E7jI7+hxl5YmRWysq5qgQl22hcWpTk+cm3es66d/apoDU/A9n6Q==
    dependencies:
      "@firebase/component" "0.6.4"
      "@firebase/installations" "0.6.4"
      "@firebase/installations-types" "0.5.0"
      "@firebase/util" "1.9.3"
      tslib "^2.1.0"
  
  "@firebase/installations-types@0.5.0":
    version "0.5.0"
    resolved "https://registry.yarnpkg.com/@firebase/installations-types/-/installations-types-0.5.0.tgz#2adad64755cd33648519b573ec7ec30f21fb5354"
    integrity sha512-9DP+RGfzoI2jH7gY4SlzqvZ+hr7gYzPODrbzVD82Y12kScZ6ZpRg/i3j6rleto8vTFC8n6Len4560FnV1w2IRg==
  
  "@firebase/installations@0.6.4":
    version "0.6.4"
    resolved "https://registry.yarnpkg.com/@firebase/installations/-/installations-0.6.4.tgz#20382e33e6062ac5eff4bede8e468ed4c367609e"
    integrity sha512-u5y88rtsp7NYkCHC3ElbFBrPtieUybZluXyzl7+4BsIz4sqb4vSAuwHEUgCgCeaQhvsnxDEU6icly8U9zsJigA==
    dependencies:
      "@firebase/component" "0.6.4"
      "@firebase/util" "1.9.3"
      idb "7.0.1"
      tslib "^2.1.0"
  
  "@firebase/logger@0.4.0":
    version "0.4.0"
    resolved "https://registry.yarnpkg.com/@firebase/logger/-/logger-0.4.0.tgz#15ecc03c452525f9d47318ad9491b81d1810f113"
    integrity sha512-eRKSeykumZ5+cJPdxxJRgAC3G5NknY2GwEbKfymdnXtnT0Ucm4pspfR6GT4MUQEDuJwRVbVcSx85kgJulMoFFA==
    dependencies:
      tslib "^2.1.0"
  
  "@firebase/messaging-compat@0.2.4":
    version "0.2.4"
    resolved "https://registry.yarnpkg.com/@firebase/messaging-compat/-/messaging-compat-0.2.4.tgz#323ca48deef77065b4fcda3cfd662c4337dffcfd"
    integrity sha512-lyFjeUhIsPRYDPNIkYX1LcZMpoVbBWXX4rPl7c/rqc7G+EUea7IEtSt4MxTvh6fDfPuzLn7+FZADfscC+tNMfg==
    dependencies:
      "@firebase/component" "0.6.4"
      "@firebase/messaging" "0.12.4"
      "@firebase/util" "1.9.3"
      tslib "^2.1.0"
  
  "@firebase/messaging-interop-types@0.2.0":
    version "0.2.0"
    resolved "https://registry.yarnpkg.com/@firebase/messaging-interop-types/-/messaging-interop-types-0.2.0.tgz#6056f8904a696bf0f7fdcf5f2ca8f008e8f6b064"
    integrity sha512-ujA8dcRuVeBixGR9CtegfpU4YmZf3Lt7QYkcj693FFannwNuZgfAYaTmbJ40dtjB81SAu6tbFPL9YLNT15KmOQ==
  
  "@firebase/messaging@0.12.4":
    version "0.12.4"
    resolved "https://registry.yarnpkg.com/@firebase/messaging/-/messaging-0.12.4.tgz#ccb49df5ab97d5650c9cf5b8c77ddc34daafcfe0"
    integrity sha512-6JLZct6zUaex4g7HI3QbzeUrg9xcnmDAPTWpkoMpd/GoSVWH98zDoWXMGrcvHeCAIsLpFMe4MPoZkJbrPhaASw==
    dependencies:
      "@firebase/component" "0.6.4"
      "@firebase/installations" "0.6.4"
      "@firebase/messaging-interop-types" "0.2.0"
      "@firebase/util" "1.9.3"
      idb "7.0.1"
      tslib "^2.1.0"
  
  "@firebase/performance-compat@0.2.4":
    version "0.2.4"
    resolved "https://registry.yarnpkg.com/@firebase/performance-compat/-/performance-compat-0.2.4.tgz#95cbf32057b5d9f0c75d804bc50e6ed3ba486274"
    integrity sha512-nnHUb8uP9G8islzcld/k6Bg5RhX62VpbAb/Anj7IXs/hp32Eb2LqFPZK4sy3pKkBUO5wcrlRWQa6wKOxqlUqsg==
    dependencies:
      "@firebase/component" "0.6.4"
      "@firebase/logger" "0.4.0"
      "@firebase/performance" "0.6.4"
      "@firebase/performance-types" "0.2.0"
      "@firebase/util" "1.9.3"
      tslib "^2.1.0"
  
  "@firebase/performance-types@0.2.0":
    version "0.2.0"
    resolved "https://registry.yarnpkg.com/@firebase/performance-types/-/performance-types-0.2.0.tgz#400685f7a3455970817136d9b48ce07a4b9562ff"
    integrity sha512-kYrbr8e/CYr1KLrLYZZt2noNnf+pRwDq2KK9Au9jHrBMnb0/C9X9yWSXmZkFt4UIdsQknBq8uBB7fsybZdOBTA==
  
  "@firebase/performance@0.6.4":
    version "0.6.4"
    resolved "https://registry.yarnpkg.com/@firebase/performance/-/performance-0.6.4.tgz#0ad766bfcfab4f386f4fe0bef43bbcf505015069"
    integrity sha512-HfTn/bd8mfy/61vEqaBelNiNnvAbUtME2S25A67Nb34zVuCSCRIX4SseXY6zBnOFj3oLisaEqhVcJmVPAej67g==
    dependencies:
      "@firebase/component" "0.6.4"
      "@firebase/installations" "0.6.4"
      "@firebase/logger" "0.4.0"
      "@firebase/util" "1.9.3"
      tslib "^2.1.0"
  
  "@firebase/remote-config-compat@0.2.4":
    version "0.2.4"
    resolved "https://registry.yarnpkg.com/@firebase/remote-config-compat/-/remote-config-compat-0.2.4.tgz#1f494c81a6c9560b1f9ca1b4fbd4bbbe47cf4776"
    integrity sha512-FKiki53jZirrDFkBHglB3C07j5wBpitAaj8kLME6g8Mx+aq7u9P7qfmuSRytiOItADhWUj7O1JIv7n9q87SuwA==
    dependencies:
      "@firebase/component" "0.6.4"
      "@firebase/logger" "0.4.0"
      "@firebase/remote-config" "0.4.4"
      "@firebase/remote-config-types" "0.3.0"
      "@firebase/util" "1.9.3"
      tslib "^2.1.0"
  
  "@firebase/remote-config-types@0.3.0":
    version "0.3.0"
    resolved "https://registry.yarnpkg.com/@firebase/remote-config-types/-/remote-config-types-0.3.0.tgz#689900dcdb3e5c059e8499b29db393e4e51314b4"
    integrity sha512-RtEH4vdcbXZuZWRZbIRmQVBNsE7VDQpet2qFvq6vwKLBIQRQR5Kh58M4ok3A3US8Sr3rubYnaGqZSurCwI8uMA==
  
  "@firebase/remote-config@0.4.4":
    version "0.4.4"
    resolved "https://registry.yarnpkg.com/@firebase/remote-config/-/remote-config-0.4.4.tgz#6a496117054de58744bc9f382d2a6d1e14060c65"
    integrity sha512-x1ioTHGX8ZwDSTOVp8PBLv2/wfwKzb4pxi0gFezS5GCJwbLlloUH4YYZHHS83IPxnua8b6l0IXUaWd0RgbWwzQ==
    dependencies:
      "@firebase/component" "0.6.4"
      "@firebase/installations" "0.6.4"
      "@firebase/logger" "0.4.0"
      "@firebase/util" "1.9.3"
      tslib "^2.1.0"
  
  "@firebase/storage-compat@0.3.2":
    version "0.3.2"
    resolved "https://registry.yarnpkg.com/@firebase/storage-compat/-/storage-compat-0.3.2.tgz#51a97170fd652a516f729f82b97af369e5a2f8d7"
    integrity sha512-wvsXlLa9DVOMQJckbDNhXKKxRNNewyUhhbXev3t8kSgoCotd1v3MmqhKKz93ePhDnhHnDs7bYHy+Qa8dRY6BXw==
    dependencies:
      "@firebase/component" "0.6.4"
      "@firebase/storage" "0.11.2"
      "@firebase/storage-types" "0.8.0"
      "@firebase/util" "1.9.3"
      tslib "^2.1.0"
  
  "@firebase/storage-types@0.8.0":
    version "0.8.0"
    resolved "https://registry.yarnpkg.com/@firebase/storage-types/-/storage-types-0.8.0.tgz#f1e40a5361d59240b6e84fac7fbbbb622bfaf707"
    integrity sha512-isRHcGrTs9kITJC0AVehHfpraWFui39MPaU7Eo8QfWlqW7YPymBmRgjDrlOgFdURh6Cdeg07zmkLP5tzTKRSpg==
  
  "@firebase/storage@0.11.2":
    version "0.11.2"
    resolved "https://registry.yarnpkg.com/@firebase/storage/-/storage-0.11.2.tgz#c5e0316543fe1c4026b8e3910f85ad73f5b77571"
    integrity sha512-CtvoFaBI4hGXlXbaCHf8humajkbXhs39Nbh6MbNxtwJiCqxPy9iH3D3CCfXAvP0QvAAwmJUTK3+z9a++Kc4nkA==
    dependencies:
      "@firebase/component" "0.6.4"
      "@firebase/util" "1.9.3"
      node-fetch "2.6.7"
      tslib "^2.1.0"
  
  "@firebase/util@1.9.3":
    version "1.9.3"
    resolved "https://registry.yarnpkg.com/@firebase/util/-/util-1.9.3.tgz#45458dd5cd02d90e55c656e84adf6f3decf4b7ed"
    integrity sha512-DY02CRhOZwpzO36fHpuVysz6JZrscPiBXD0fXp6qSrL9oNOx5KWICKdR95C0lSITzxp0TZosVyHqzatE8JbcjA==
    dependencies:
      tslib "^2.1.0"
  
  "@firebase/webchannel-wrapper@0.10.0":
    version "0.10.0"
    resolved "https://registry.yarnpkg.com/@firebase/webchannel-wrapper/-/webchannel-wrapper-0.10.0.tgz#92ee8c88682bb1ff0938b751f88f108e7a73165a"
    integrity sha512-2I8y+vJVrPfPFJrnRGpao1Qc2Gu7wmYoo5ed2s5zK/DUGgcyY1Yr/xC0YdnKM4pi7rG3HqwW9ehAKUXoTMLdoA==
  
  "@grpc/grpc-js@~1.7.0":
    version "1.7.3"
    resolved "https://registry.yarnpkg.com/@grpc/grpc-js/-/grpc-js-1.7.3.tgz#f2ea79f65e31622d7f86d4b4c9ae38f13ccab99a"
    integrity sha512-H9l79u4kJ2PVSxUNA08HMYAnUBLj9v6KjYQ7SQ71hOZcEXhShE/y5iQCesP8+6/Ik/7i2O0a10bPquIcYfufog==
    dependencies:
      "@grpc/proto-loader" "^0.7.0"
      "@types/node" ">=12.12.47"
  
  "@grpc/proto-loader@^0.6.13":
    version "0.6.13"
    resolved "https://registry.yarnpkg.com/@grpc/proto-loader/-/proto-loader-0.6.13.tgz#008f989b72a40c60c96cd4088522f09b05ac66bc"
    integrity sha512-FjxPYDRTn6Ec3V0arm1FtSpmP6V50wuph2yILpyvTKzjc76oDdoihXqM1DzOW5ubvCC8GivfCnNtfaRE8myJ7g==
    dependencies:
      "@types/long" "^4.0.1"
      lodash.camelcase "^4.3.0"
      long "^4.0.0"
      protobufjs "^6.11.3"
      yargs "^16.2.0"
  
  "@grpc/proto-loader@^0.7.0":
    version "0.7.6"
    resolved "https://registry.yarnpkg.com/@grpc/proto-loader/-/proto-loader-0.7.6.tgz#b71fdf92b184af184b668c4e9395a5ddc23d61de"
    integrity sha512-QyAXR8Hyh7uMDmveWxDSUcJr9NAWaZ2I6IXgAYvQmfflwouTM+rArE2eEaCtLlRqO81j7pRLCt81IefUei6Zbw==
    dependencies:
      "@types/long" "^4.0.1"
      lodash.camelcase "^4.3.0"
      long "^4.0.0"
      protobufjs "^7.0.0"
      yargs "^16.2.0"
  
  "@protobufjs/aspromise@^1.1.1", "@protobufjs/aspromise@^1.1.2":
    version "1.1.2"
    resolved "https://registry.yarnpkg.com/@protobufjs/aspromise/-/aspromise-1.1.2.tgz#9b8b0cc663d669a7d8f6f5d0893a14d348f30fbf"
    integrity sha512-j+gKExEuLmKwvz3OgROXtrJ2UG2x8Ch2YZUxahh+s1F2HZ+wAceUNLkvy6zKCPVRkU++ZWQrdxsUeQXmcg4uoQ==
  
  "@protobufjs/base64@^1.1.2":
    version "1.1.2"
    resolved "https://registry.yarnpkg.com/@protobufjs/base64/-/base64-1.1.2.tgz#4c85730e59b9a1f1f349047dbf24296034bb2735"
    integrity sha512-AZkcAA5vnN/v4PDqKyMR5lx7hZttPDgClv83E//FMNhR2TMcLUhfRUBHCmSl0oi9zMgDDqRUJkSxO3wm85+XLg==
  
  "@protobufjs/codegen@^2.0.4":
    version "2.0.4"
    resolved "https://registry.yarnpkg.com/@protobufjs/codegen/-/codegen-2.0.4.tgz#7ef37f0d010fb028ad1ad59722e506d9262815cb"
    integrity sha512-YyFaikqM5sH0ziFZCN3xDC7zeGaB/d0IUb9CATugHWbd1FRFwWwt4ld4OYMPWu5a3Xe01mGAULCdqhMlPl29Jg==
  
  "@protobufjs/eventemitter@^1.1.0":
    version "1.1.0"
    resolved "https://registry.yarnpkg.com/@protobufjs/eventemitter/-/eventemitter-1.1.0.tgz#355cbc98bafad5978f9ed095f397621f1d066b70"
    integrity sha512-j9ednRT81vYJ9OfVuXG6ERSTdEL1xVsNgqpkxMsbIabzSo3goCjDIveeGv5d03om39ML71RdmrGNjG5SReBP/Q==
  
  "@protobufjs/fetch@^1.1.0":
    version "1.1.0"
    resolved "https://registry.yarnpkg.com/@protobufjs/fetch/-/fetch-1.1.0.tgz#ba99fb598614af65700c1619ff06d454b0d84c45"
    integrity sha512-lljVXpqXebpsijW71PZaCYeIcE5on1w5DlQy5WH6GLbFryLUrBD4932W/E2BSpfRJWseIL4v/KPgBFxDOIdKpQ==
    dependencies:
      "@protobufjs/aspromise" "^1.1.1"
      "@protobufjs/inquire" "^1.1.0"
  
  "@protobufjs/float@^1.0.2":
    version "1.0.2"
    resolved "https://registry.yarnpkg.com/@protobufjs/float/-/float-1.0.2.tgz#5e9e1abdcb73fc0a7cb8b291df78c8cbd97b87d1"
    integrity sha512-Ddb+kVXlXst9d+R9PfTIxh1EdNkgoRe5tOX6t01f1lYWOvJnSPDBlG241QLzcyPdoNTsblLUdujGSE4RzrTZGQ==
  
  "@protobufjs/inquire@^1.1.0":
    version "1.1.0"
    resolved "https://registry.yarnpkg.com/@protobufjs/inquire/-/inquire-1.1.0.tgz#ff200e3e7cf2429e2dcafc1140828e8cc638f089"
    integrity sha512-kdSefcPdruJiFMVSbn801t4vFK7KB/5gd2fYvrxhuJYg8ILrmn9SKSX2tZdV6V+ksulWqS7aXjBcRXl3wHoD9Q==
  
  "@protobufjs/path@^1.1.2":
    version "1.1.2"
    resolved "https://registry.yarnpkg.com/@protobufjs/path/-/path-1.1.2.tgz#6cc2b20c5c9ad6ad0dccfd21ca7673d8d7fbf68d"
    integrity sha512-6JOcJ5Tm08dOHAbdR3GrvP+yUUfkjG5ePsHYczMFLq3ZmMkAD98cDgcT2iA1lJ9NVwFd4tH/iSSoe44YWkltEA==
  
  "@protobufjs/pool@^1.1.0":
    version "1.1.0"
    resolved "https://registry.yarnpkg.com/@protobufjs/pool/-/pool-1.1.0.tgz#09fd15f2d6d3abfa9b65bc366506d6ad7846ff54"
    integrity sha512-0kELaGSIDBKvcgS4zkjz1PeddatrjYcmMWOlAuAPwAeccUrPHdUqo/J6LiymHHEiJT5NrF1UVwxY14f+fy4WQw==
  
  "@protobufjs/utf8@^1.1.0":
    version "1.1.0"
    resolved "https://registry.yarnpkg.com/@protobufjs/utf8/-/utf8-1.1.0.tgz#a777360b5b39a1a2e5106f8e858f2fd2d060c570"
    integrity sha512-Vvn3zZrhQZkkBE8LSuW3em98c0FwgO4nxzv6OdSxPKJIEKY2bGbHn+mhGIPerzI4twdxaP8/0+06HBpwf345Lw==
  
  "@reduxjs/toolkit@^1.9.5":
    version "1.9.5"
    resolved "https://registry.npmjs.org/@reduxjs/toolkit/-/toolkit-1.9.5.tgz"
    integrity sha512-Rt97jHmfTeaxL4swLRNPD/zV4OxTes4la07Xc4hetpUW/vc75t5m1ANyxG6ymnEQ2FsLQsoMlYB2vV1sO3m8tQ==
    dependencies:
      immer "^9.0.21"
      redux "^4.2.1"
      redux-thunk "^2.4.2"
      reselect "^4.1.8"
  
  "@remix-run/router@1.5.0":
    version "1.5.0"
    resolved "https://registry.yarnpkg.com/@remix-run/router/-/router-1.5.0.tgz#57618e57942a5f0131374a9fdb0167e25a117fdc"
    integrity sha512-bkUDCp8o1MvFO+qxkODcbhSqRa6P2GXgrGZVpt0dCXNW2HCSCqYI0ZoAqEOSAjRWmmlKcYgFvN4B4S+zo/f8kg==
  
  "@types/hoist-non-react-statics@^3.3.1":
    version "3.3.1"
    resolved "https://registry.yarnpkg.com/@types/hoist-non-react-statics/-/hoist-non-react-statics-3.3.1.tgz#1124aafe5118cb591977aeb1ceaaed1070eb039f"
    integrity sha512-iMIqiko6ooLrTh1joXodJK5X9xeEALT1kM5G3ZLhD3hszxBdIEd5C75U834D9mLcINgD4OyZf5uQXjkuYydWvA==
    dependencies:
      "@types/react" "*"
      hoist-non-react-statics "^3.3.0"
  
  "@types/long@^4.0.1":
    version "4.0.2"
    resolved "https://registry.yarnpkg.com/@types/long/-/long-4.0.2.tgz#b74129719fc8d11c01868010082d483b7545591a"
    integrity sha512-MqTGEo5bj5t157U6fA/BiDynNkn0YknVdh48CMPkTSpFTVmvao5UQmm7uEF6xBEo7qIMAlY/JSleYaE6VOdpaA==
  
  "@types/node@>=12.12.47", "@types/node@>=13.7.0":
    version "18.16.2"
    resolved "https://registry.yarnpkg.com/@types/node/-/node-18.16.2.tgz#2f610ea71034b3971c312192377f8a7178eb57f1"
    integrity sha512-GQW/JL/5Fz/0I8RpeBG9lKp0+aNcXEaVL71c0D2Q0QHDTFvlYKT7an0onCUXj85anv7b4/WesqdfchLc0jtsCg==
  
  "@types/prop-types@*":
    version "15.7.5"
    resolved "https://registry.yarnpkg.com/@types/prop-types/-/prop-types-15.7.5.tgz#5f19d2b85a98e9558036f6a3cacc8819420f05cf"
    integrity sha512-JCB8C6SnDoQf0cNycqd/35A7MjcnK+ZTqE7judS6o7utxUCg6imJg3QK2qzHKszlTjcj2cn+NwMB2i96ubpj7w==
  
  "@types/react@*":
    version "18.2.0"
    resolved "https://registry.yarnpkg.com/@types/react/-/react-18.2.0.tgz#15cda145354accfc09a18d2f2305f9fc099ada21"
    integrity sha512-0FLj93y5USLHdnhIhABk83rm8XEGA7kH3cr+YUlvxoUGp1xNt/DINUMvqPxLyOQMzLmZe8i4RTHbvb8MC7NmrA==
    dependencies:
      "@types/prop-types" "*"
      "@types/scheduler" "*"
      csstype "^3.0.2"
  
  "@types/scheduler@*":
    version "0.16.3"
    resolved "https://registry.yarnpkg.com/@types/scheduler/-/scheduler-0.16.3.tgz#cef09e3ec9af1d63d2a6cc5b383a737e24e6dcf5"
    integrity sha512-5cJ8CB4yAx7BH1oMvdU0Jh9lrEXyPkar6F9G/ERswkCuvP4KQZfZkSjcMbAICCpQTN4OuZn8tz0HiKv9TGZgrQ==
  
  "@types/use-sync-external-store@^0.0.3":
    version "0.0.3"
    resolved "https://registry.yarnpkg.com/@types/use-sync-external-store/-/use-sync-external-store-0.0.3.tgz#b6725d5f4af24ace33b36fafd295136e75509f43"
    integrity sha512-EwmlvuaxPNej9+T4v5AuBPJa2x2UOJVdjCtDHgcDqitUeOtjnJKJ+apYjVcAoBEMjKW1VVFGZLUb5+qqa09XFA==
  
  ansi-regex@^5.0.1:
    version "5.0.1"
    resolved "https://registry.yarnpkg.com/ansi-regex/-/ansi-regex-5.0.1.tgz#082cb2c89c9fe8659a311a53bd6a4dc5301db304"
    integrity sha512-quJQXlTSUGL2LH9SUXo8VwsY4soanhgo6LNSm84E1LBcE8s3O0wpdiRzyR9z/ZZJMlMWv37qOOb9pdJlMUEKFQ==
  
  ansi-styles@^4.0.0:
    version "4.3.0"
    resolved "https://registry.yarnpkg.com/ansi-styles/-/ansi-styles-4.3.0.tgz#edd803628ae71c04c85ae7a0906edad34b648937"
    integrity sha512-zbB9rCJAT1rbjiVDb2hqKFHNYLxgtk8NURxZ3IZwD3F6NtxbXZQCnnSi1Lkx+IDohdPlFp222wVALIheZJQSEg==
    dependencies:
      color-convert "^2.0.1"
  
  asynckit@^0.4.0:
    version "0.4.0"
    resolved "https://registry.npmjs.org/asynckit/-/asynckit-0.4.0.tgz"
    integrity sha512-Oei9OH4tRh0YqU3GxhX79dM/mwVgvbZJaSNaRk+bshkj0S5cfHcgYakreBjrHwatXKbz+IoIdYLxrKim2MjW0Q==
  
  axios@^1.4.0:
    version "1.4.0"
    resolved "https://registry.npmjs.org/axios/-/axios-1.4.0.tgz"
    integrity sha512-S4XCWMEmzvo64T9GfvQDOXgYRDJ/wsSZc7Jvdgx5u1sd0JwsuPLqb3SYmusag+edF6ziyMensPVqLTSc1PiSEA==
    dependencies:
      follow-redirects "^1.15.0"
      form-data "^4.0.0"
      proxy-from-env "^1.1.0"
  
  cliui@^7.0.2:
    version "7.0.4"
    resolved "https://registry.yarnpkg.com/cliui/-/cliui-7.0.4.tgz#a0265ee655476fc807aea9df3df8df7783808b4f"
    integrity sha512-OcRE68cOsVMXp1Yvonl/fzkQOyjLSu/8bhPDfQt0e0/Eb283TKP20Fs2MqoPsr9SwA595rRCA+QMzYc9nBP+JQ==
    dependencies:
      string-width "^4.2.0"
      strip-ansi "^6.0.0"
      wrap-ansi "^7.0.0"
  
  color-convert@^2.0.1:
    version "2.0.1"
    resolved "https://registry.yarnpkg.com/color-convert/-/color-convert-2.0.1.tgz#72d3a68d598c9bdb3af2ad1e84f21d896abd4de3"
    integrity sha512-RRECPsj7iu/xb5oKYcsFHSppFNnsj/52OVTRKb4zP5onXwVF3zVmmToNcOfGC+CRDpfK/U584fMg38ZHCaElKQ==
    dependencies:
      color-name "~1.1.4"
  
  color-name@~1.1.4:
    version "1.1.4"
    resolved "https://registry.yarnpkg.com/color-name/-/color-name-1.1.4.tgz#c2a09a87acbde69543de6f63fa3995c826c536a2"
    integrity sha512-dOy+3AuW3a2wNbZHIuMZpTcgjGuLU/uBL/ubcZF9OXbDo8ff4O8yVp5Bf0efS8uEoYo5q4Fx7dY9OgQGXgAsQA==
  
  combined-stream@^1.0.8:
    version "1.0.8"
    resolved "https://registry.npmjs.org/combined-stream/-/combined-stream-1.0.8.tgz"
    integrity sha512-FQN4MRfuJeHf7cBbBMJFXhKSDq+2kAArBlmRBvcvFE5BB1HZKXtSFASDhdlz9zOYwxh8lDdnvmMOe/+5cdoEdg==
    dependencies:
      delayed-stream "~1.0.0"
  
  csstype@^3.0.2:
    version "3.1.2"
    resolved "https://registry.yarnpkg.com/csstype/-/csstype-3.1.2.tgz#1d4bf9d572f11c14031f0436e1c10bc1f571f50b"
    integrity sha512-I7K1Uu0MBPzaFKg4nI5Q7Vs2t+3gWWW648spaF+Rg7pI9ds18Ugn+lvg4SHczUdKlHI5LWBXyqfS8+DufyBsgQ==
  
  delayed-stream@~1.0.0:
    version "1.0.0"
    resolved "https://registry.npmjs.org/delayed-stream/-/delayed-stream-1.0.0.tgz"
    integrity sha512-ZySD7Nf91aLB0RxL4KGrKHBXl7Eds1DAmEdcoVawXnLD7SDhpNgtuII2aAkg7a7QS41jxPSZ17p4VdGnMHk3MQ==
  
  emoji-regex@^8.0.0:
    version "8.0.0"
    resolved "https://registry.yarnpkg.com/emoji-regex/-/emoji-regex-8.0.0.tgz#e818fd69ce5ccfcb404594f842963bf53164cc37"
    integrity sha512-MSjYzcWNOA0ewAHpz0MxpYFvwg6yjy1NG3xteoqz644VCo/RPgnr1/GGt+ic3iJTzQ8Eu3TdM14SawnVUmGE6A==
  
  escalade@^3.1.1:
    version "3.1.1"
    resolved "https://registry.yarnpkg.com/escalade/-/escalade-3.1.1.tgz#d8cfdc7000965c5a0174b4a82eaa5c0552742e40"
    integrity sha512-k0er2gUkLf8O0zKJiAhmkTnJlTvINGv7ygDNPbeIsX/TJjGJZHuh9B2UxbsaEkmlEo9MfhrSzmhIlhRlI2GXnw==
  
  faye-websocket@0.11.4:
    version "0.11.4"
    resolved "https://registry.yarnpkg.com/faye-websocket/-/faye-websocket-0.11.4.tgz#7f0d9275cfdd86a1c963dc8b65fcc451edcbb1da"
    integrity sha512-CzbClwlXAuiRQAlUyfqPgvPoNKTckTPGfwZV4ZdAhVcP2lh9KUxJg2b5GkE7XbjKQ3YJnQ9z6D9ntLAlB+tP8g==
    dependencies:
      websocket-driver ">=0.5.1"
  
  firebase@^9.21.0:
    version "9.21.0"
    resolved "https://registry.yarnpkg.com/firebase/-/firebase-9.21.0.tgz#232f6a89f1bd21d28df1ab72a05c010d204be908"
    integrity sha512-kQpT+YjusVhqj8feSmb+9Fpmyfy7ayGSd6GVk2k0qJjt+AwYgHZ9tuHuIgFdEHGsvqxYRZJpu067ck9ZQwbqQw==
    dependencies:
      "@firebase/analytics" "0.10.0"
      "@firebase/analytics-compat" "0.2.6"
      "@firebase/app" "0.9.9"
      "@firebase/app-check" "0.7.0"
      "@firebase/app-check-compat" "0.3.6"
      "@firebase/app-compat" "0.2.9"
      "@firebase/app-types" "0.9.0"
      "@firebase/auth" "0.23.1"
      "@firebase/auth-compat" "0.4.1"
      "@firebase/database" "0.14.4"
      "@firebase/database-compat" "0.3.4"
      "@firebase/firestore" "3.11.0"
      "@firebase/firestore-compat" "0.3.8"
      "@firebase/functions" "0.9.4"
      "@firebase/functions-compat" "0.3.4"
      "@firebase/installations" "0.6.4"
      "@firebase/installations-compat" "0.2.4"
      "@firebase/messaging" "0.12.4"
      "@firebase/messaging-compat" "0.2.4"
      "@firebase/performance" "0.6.4"
      "@firebase/performance-compat" "0.2.4"
      "@firebase/remote-config" "0.4.4"
      "@firebase/remote-config-compat" "0.2.4"
      "@firebase/storage" "0.11.2"
      "@firebase/storage-compat" "0.3.2"
      "@firebase/util" "1.9.3"
  
  follow-redirects@^1.15.0:
    version "1.15.2"
    resolved "https://registry.npmjs.org/follow-redirects/-/follow-redirects-1.15.2.tgz"
    integrity sha512-VQLG33o04KaQ8uYi2tVNbdrWp1QWxNNea+nmIB4EVM28v0hmP17z7aG1+wAkNzVq4KeXTq3221ye5qTJP91JwA==
  
  form-data@^4.0.0:
    version "4.0.0"
    resolved "https://registry.npmjs.org/form-data/-/form-data-4.0.0.tgz"
    integrity sha512-ETEklSGi5t0QMZuiXoA/Q6vcnxcLQP5vdugSpuAyi6SVGi2clPPp+xgEhuMaHC+zGgn31Kd235W35f7Hykkaww==
    dependencies:
      asynckit "^0.4.0"
      combined-stream "^1.0.8"
      mime-types "^2.1.12"
  
  get-caller-file@^2.0.5:
    version "2.0.5"
    resolved "https://registry.yarnpkg.com/get-caller-file/-/get-caller-file-2.0.5.tgz#4f94412a82db32f36e3b0b9741f8a97feb031f7e"
    integrity sha512-DyFP3BM/3YHTQOCUL/w0OZHR0lpKeGrxotcHWcqNEdnltqFwXVfhEBQ94eIo34AfQpo0rGki4cyIiftY06h2Fg==
  
  hoist-non-react-statics@^3.3.0, hoist-non-react-statics@^3.3.2:
    version "3.3.2"
    resolved "https://registry.yarnpkg.com/hoist-non-react-statics/-/hoist-non-react-statics-3.3.2.tgz#ece0acaf71d62c2969c2ec59feff42a4b1a85b45"
    integrity sha512-/gGivxi8JPKWNm/W0jSmzcMPpfpPLc3dY/6GxhX2hQ9iGj3aDfklV4ET7NjKpSinLpJ5vafa9iiGIEZg10SfBw==
    dependencies:
      react-is "^16.7.0"
  
  http-parser-js@>=0.5.1:
    version "0.5.8"
    resolved "https://registry.yarnpkg.com/http-parser-js/-/http-parser-js-0.5.8.tgz#af23090d9ac4e24573de6f6aecc9d84a48bf20e3"
    integrity sha512-SGeBX54F94Wgu5RH3X5jsDtf4eHyRogWX1XGT3b4HuW3tQPM4AaBzoUji/4AAJNXCEOWZ5O0DgZmJw1947gD5Q==
  
  idb@7.0.1:
    version "7.0.1"
    resolved "https://registry.yarnpkg.com/idb/-/idb-7.0.1.tgz#d2875b3a2f205d854ee307f6d196f246fea590a7"
    integrity sha512-UUxlE7vGWK5RfB/fDwEGgRf84DY/ieqNha6msMV99UsEMQhJ1RwbCd8AYBj3QMgnE3VZnfQvm4oKVCJTYlqIgg==
  
  idb@7.1.1:
    version "7.1.1"
    resolved "https://registry.yarnpkg.com/idb/-/idb-7.1.1.tgz#d910ded866d32c7ced9befc5bfdf36f572ced72b"
    integrity sha512-gchesWBzyvGHRO9W8tzUWFDycow5gwjvFKfyV9FF32Y7F50yZMp7mP+T2mJIWFx49zicqyC4uefHM17o6xKIVQ==
  
  immer@^9.0.21:
    version "9.0.21"
    resolved "https://registry.npmjs.org/immer/-/immer-9.0.21.tgz"
    integrity sha512-bc4NBHqOqSfRW7POMkHd51LvClaeMXpm8dx0e8oE2GORbq5aRK7Bxl4FyzVLdGtLmvLKL7BTDBG5ACQm4HWjTA==
  
  is-fullwidth-code-point@^3.0.0:
    version "3.0.0"
    resolved "https://registry.yarnpkg.com/is-fullwidth-code-point/-/is-fullwidth-code-point-3.0.0.tgz#f116f8064fe90b3f7844a38997c0b75051269f1d"
    integrity sha512-zymm5+u+sCsSWyD9qNaejV3DFvhCKclKdizYaJUuHA83RLjb7nSuGnddCHGv0hk+KY7BMAlsWeK4Ueg6EV6XQg==
  
  "js-tokens@^3.0.0 || ^4.0.0":
    version "4.0.0"
    resolved "https://registry.yarnpkg.com/js-tokens/-/js-tokens-4.0.0.tgz#19203fb59991df98e3a287050d4647cdeaf32499"
    integrity sha512-RdJUflcE3cUzKiMqQgsCu06FPu9UdIJO0beYbPhHN4k6apgJtifcoCtT9bcxOpYBtpD2kCM6Sbzg4CausW/PKQ==
  
  lodash.camelcase@^4.3.0:
    version "4.3.0"
    resolved "https://registry.yarnpkg.com/lodash.camelcase/-/lodash.camelcase-4.3.0.tgz#b28aa6288a2b9fc651035c7711f65ab6190331a6"
    integrity sha512-TwuEnCnxbc3rAvhf/LbG7tJUDzhqXyFnv3dtzLOPgCG/hODL7WFnsbwktkD7yUV0RrreP/l1PALq/YSg6VvjlA==
  
  long@^4.0.0:
    version "4.0.0"
    resolved "https://registry.yarnpkg.com/long/-/long-4.0.0.tgz#9a7b71cfb7d361a194ea555241c92f7468d5bf28"
    integrity sha512-XsP+KhQif4bjX1kbuSiySJFNAehNxgLb6hPRGJ9QsUr8ajHkuXGdrHmFUTUUXhDwVX2R5bY4JNZEwbUiMhV+MA==
  
  long@^5.0.0:
    version "5.2.3"
    resolved "https://registry.yarnpkg.com/long/-/long-5.2.3.tgz#a3ba97f3877cf1d778eccbcb048525ebb77499e1"
    integrity sha512-lcHwpNoggQTObv5apGNCTdJrO69eHOZMi4BNC+rTLER8iHAqGrUVeLh/irVIM7zTw2bOXA8T6uNPeujwOLg/2Q==
  
  loose-envify@^1.1.0:
    version "1.4.0"
    resolved "https://registry.yarnpkg.com/loose-envify/-/loose-envify-1.4.0.tgz#71ee51fa7be4caec1a63839f7e682d8132d30caf"
    integrity sha512-lyuxPGr/Wfhrlem2CL/UcnUc1zcqKAImBDzukY7Y5F/yQiNdko6+fRLevlw1HgMySw7f611UIY408EtxRSoK3Q==
    dependencies:
      js-tokens "^3.0.0 || ^4.0.0"
  
  mime-db@1.52.0:
    version "1.52.0"
    resolved "https://registry.npmjs.org/mime-db/-/mime-db-1.52.0.tgz"
    integrity sha512-sPU4uV7dYlvtWJxwwxHD0PuihVNiE7TyAbQ5SWxDCB9mUYvOgroQOwYQQOKPJ8CIbE+1ETVlOoK1UC2nU3gYvg==
  
  mime-types@^2.1.12:
    version "2.1.35"
    resolved "https://registry.npmjs.org/mime-types/-/mime-types-2.1.35.tgz"
    integrity sha512-ZDY+bPm5zTTF+YpCrAU9nK0UgICYPT0QtT1NZWFv4s++TNkcgVaT0g6+4R2uI4MjQjzysHB1zxuWL50hzaeXiw==
    dependencies:
      mime-db "1.52.0"
  
  node-fetch@2.6.7:
    version "2.6.7"
    resolved "https://registry.yarnpkg.com/node-fetch/-/node-fetch-2.6.7.tgz#24de9fba827e3b4ae44dc8b20256a379160052ad"
    integrity sha512-ZjMPFEfVx5j+y2yF35Kzx5sF7kDzxuDj6ziH4FFbOp87zKDZNx8yExJIb05OGF4Nlt9IHFIMBkRl41VdvcNdbQ==
    dependencies:
      whatwg-url "^5.0.0"
  
  protobufjs@^6.11.3:
    version "6.11.3"
    resolved "https://registry.yarnpkg.com/protobufjs/-/protobufjs-6.11.3.tgz#637a527205a35caa4f3e2a9a4a13ddffe0e7af74"
    integrity sha512-xL96WDdCZYdU7Slin569tFX712BxsxslWwAfAhCYjQKGTq7dAU91Lomy6nLLhh/dyGhk/YH4TwTSRxTzhuHyZg==
    dependencies:
      "@protobufjs/aspromise" "^1.1.2"
      "@protobufjs/base64" "^1.1.2"
      "@protobufjs/codegen" "^2.0.4"
      "@protobufjs/eventemitter" "^1.1.0"
      "@protobufjs/fetch" "^1.1.0"
      "@protobufjs/float" "^1.0.2"
      "@protobufjs/inquire" "^1.1.0"
      "@protobufjs/path" "^1.1.2"
      "@protobufjs/pool" "^1.1.0"
      "@protobufjs/utf8" "^1.1.0"
      "@types/long" "^4.0.1"
      "@types/node" ">=13.7.0"
      long "^4.0.0"
  
  protobufjs@^7.0.0:
    version "7.2.3"
    resolved "https://registry.yarnpkg.com/protobufjs/-/protobufjs-7.2.3.tgz#01af019e40d9c6133c49acbb3ff9e30f4f0f70b2"
    integrity sha512-TtpvOqwB5Gdz/PQmOjgsrGH1nHjAQVCN7JG4A6r1sXRWESL5rNMAiRcBQlCAdKxZcAbstExQePYG8xof/JVRgg==
    dependencies:
      "@protobufjs/aspromise" "^1.1.2"
      "@protobufjs/base64" "^1.1.2"
      "@protobufjs/codegen" "^2.0.4"
      "@protobufjs/eventemitter" "^1.1.0"
      "@protobufjs/fetch" "^1.1.0"
      "@protobufjs/float" "^1.0.2"
      "@protobufjs/inquire" "^1.1.0"
      "@protobufjs/path" "^1.1.2"
      "@protobufjs/pool" "^1.1.0"
      "@protobufjs/utf8" "^1.1.0"
      "@types/node" ">=13.7.0"
      long "^5.0.0"
  
  proxy-from-env@^1.1.0:
    version "1.1.0"
    resolved "https://registry.npmjs.org/proxy-from-env/-/proxy-from-env-1.1.0.tgz"
    integrity sha512-D+zkORCbA9f1tdWRK0RaCR3GPv50cMxcrz4X8k5LTSUD1Dkw47mKJEZQNunItRTkWwgtaUSo1RVFRIG9ZXiFYg==
  
  react-dom@^18.2.0:
    version "18.2.0"
    resolved "https://registry.yarnpkg.com/react-dom/-/react-dom-18.2.0.tgz#22aaf38708db2674ed9ada224ca4aa708d821e3d"
    integrity sha512-6IMTriUmvsjHUjNtEDudZfuDQUoWXVxKHhlEGSk81n4YFS+r/Kl99wXiwlVXtPBtJenozv2P+hxDsw9eA7Xo6g==
    dependencies:
      loose-envify "^1.1.0"
      scheduler "^0.23.0"
  
  react-is@^16.7.0:
    version "16.13.1"
    resolved "https://registry.yarnpkg.com/react-is/-/react-is-16.13.1.tgz#789729a4dc36de2999dc156dd6c1d9c18cea56a4"
    integrity sha512-24e6ynE2H+OKt4kqsOvNd8kBpV65zoxbA4BVsEOB3ARVWQki/DHzaUoC5KuON/BiccDaCCTZBuOcfZs70kR8bQ==
  
  react-is@^18.0.0:
    version "18.2.0"
    resolved "https://registry.yarnpkg.com/react-is/-/react-is-18.2.0.tgz#199431eeaaa2e09f86427efbb4f1473edb47609b"
    integrity sha512-xWGDIW6x921xtzPkhiULtthJHoJvBbF3q26fzloPCK0hsvxtPVelvftw3zjbHWSkR2km9Z+4uxbDDK/6Zw9B8w==
  
  react-redux@^8.0.5:
    version "8.0.5"
    resolved "https://registry.yarnpkg.com/react-redux/-/react-redux-8.0.5.tgz#e5fb8331993a019b8aaf2e167a93d10af469c7bd"
    integrity sha512-Q2f6fCKxPFpkXt1qNRZdEDLlScsDWyrgSj0mliK59qU6W5gvBiKkdMEG2lJzhd1rCctf0hb6EtePPLZ2e0m1uw==
    dependencies:
      "@babel/runtime" "^7.12.1"
      "@types/hoist-non-react-statics" "^3.3.1"
      "@types/use-sync-external-store" "^0.0.3"
      hoist-non-react-statics "^3.3.2"
      react-is "^18.0.0"
      use-sync-external-store "^1.0.0"
  
  react-router-dom@^6.10.0:
    version "6.10.0"
    resolved "https://registry.yarnpkg.com/react-router-dom/-/react-router-dom-6.10.0.tgz#090ddc5c84dc41b583ce08468c4007c84245f61f"
    integrity sha512-E5dfxRPuXKJqzwSe/qGcqdwa18QiWC6f3H3cWXM24qj4N0/beCIf/CWTipop2xm7mR0RCS99NnaqPNjHtrAzCg==
    dependencies:
      "@remix-run/router" "1.5.0"
      react-router "6.10.0"
  
  react-router@6.10.0:
    version "6.10.0"
    resolved "https://registry.yarnpkg.com/react-router/-/react-router-6.10.0.tgz#230f824fde9dd0270781b5cb497912de32c0a971"
    integrity sha512-Nrg0BWpQqrC3ZFFkyewrflCud9dio9ME3ojHCF/WLsprJVzkq3q3UeEhMCAW1dobjeGbWgjNn/PVF6m46ANxXQ==
    dependencies:
      "@remix-run/router" "1.5.0"
  
  redux-persist@^6.0.0:
    version "6.0.0"
    resolved "https://registry.npmjs.org/redux-persist/-/redux-persist-6.0.0.tgz"
    integrity sha512-71LLMbUq2r02ng2We9S215LtPu3fY0KgaGE0k8WRgl6RkqxtGfl7HUozz1Dftwsb0D/5mZ8dwAaPbtnzfvbEwQ==
  
  redux-thunk@^2.4.2:
    version "2.4.2"
    resolved "https://registry.npmjs.org/redux-thunk/-/redux-thunk-2.4.2.tgz"
    integrity sha512-+P3TjtnP0k/FEjcBL5FZpoovtvrTNT/UXd4/sluaSyrURlSlhLSzEdfsTBW7WsKB6yPvgd7q/iZPICFjW4o57Q==
  
  redux@^4.2.1:
    version "4.2.1"
    resolved "https://registry.npmjs.org/redux/-/redux-4.2.1.tgz"
    integrity sha512-LAUYz4lc+Do8/g7aeRa8JkyDErK6ekstQaqWQrNRW//MY1TvCEpMtpTWvlQ+FPbWCx+Xixu/6SHt5N0HR+SB4w==
    dependencies:
      "@babel/runtime" "^7.9.2"
  
  regenerator-runtime@^0.13.11:
    version "0.13.11"
    resolved "https://registry.npmjs.org/regenerator-runtime/-/regenerator-runtime-0.13.11.tgz"
    integrity sha512-kY1AZVr2Ra+t+piVaJ4gxaFaReZVH40AKNo7UCX6W+dEwBo/2oZJzqfuN1qLq1oL45o56cPaTXELwrTh8Fpggg==
  
  require-directory@^2.1.1:
    version "2.1.1"
    resolved "https://registry.yarnpkg.com/require-directory/-/require-directory-2.1.1.tgz#8c64ad5fd30dab1c976e2344ffe7f792a6a6df42"
    integrity sha512-fGxEI7+wsG9xrvdjsrlmL22OMTTiHRwAMroiEeMgq8gzoLC/PQr7RsRDSTLUg/bZAZtF+TVIkHc6/4RIKrui+Q==
  
  reselect@^4.1.8:
    version "4.1.8"
    resolved "https://registry.npmjs.org/reselect/-/reselect-4.1.8.tgz"
    integrity sha512-ab9EmR80F/zQTMNeneUr4cv+jSwPJgIlvEmVwLerwrWVbpLlBuls9XHzIeTFy4cegU2NHBp3va0LKOzU5qFEYQ==
  
  safe-buffer@>=5.1.0:
    version "5.2.1"
    resolved "https://registry.yarnpkg.com/safe-buffer/-/safe-buffer-5.2.1.tgz#1eaf9fa9bdb1fdd4ec75f58f9cdb4e6b7827eec6"
    integrity sha512-rp3So07KcdmmKbGvgaNxQSJr7bGVSVk5S9Eq1F+ppbRo70+YeaDxkw5Dd8NPN+GD6bjnYm2VuPuCXmpuYvmCXQ==
  
  scheduler@^0.23.0:
    version "0.23.0"
    resolved "https://registry.yarnpkg.com/scheduler/-/scheduler-0.23.0.tgz#ba8041afc3d30eb206a487b6b384002e4e61fdfe"
    integrity sha512-CtuThmgHNg7zIZWAXi3AsyIzA3n4xx7aNyjwC2VJldO2LMVDhFK+63xGqq6CsJH4rTAt6/M+N4GhZiDYPx9eUw==
    dependencies:
      loose-envify "^1.1.0"
  
  string-width@^4.1.0, string-width@^4.2.0:
    version "4.2.3"
    resolved "https://registry.yarnpkg.com/string-width/-/string-width-4.2.3.tgz#269c7117d27b05ad2e536830a8ec895ef9c6d010"
    integrity sha512-wKyQRQpjJ0sIp62ErSZdGsjMJWsap5oRNihHhu6G7JVO/9jIB6UyevL+tXuOqrng8j/cxKTWyWUwvSTriiZz/g==
    dependencies:
      emoji-regex "^8.0.0"
      is-fullwidth-code-point "^3.0.0"
      strip-ansi "^6.0.1"
  
  strip-ansi@^6.0.0, strip-ansi@^6.0.1:
    version "6.0.1"
    resolved "https://registry.yarnpkg.com/strip-ansi/-/strip-ansi-6.0.1.tgz#9e26c63d30f53443e9489495b2105d37b67a85d9"
    integrity sha512-Y38VPSHcqkFrCpFnQ9vuSXmquuv5oXOKpGeT6aGrr3o3Gc9AlVa6JBfUSOCnbxGGZF+/0ooI7KrPuUSztUdU5A==
    dependencies:
      ansi-regex "^5.0.1"
  
  tr46@~0.0.3:
    version "0.0.3"
    resolved "https://registry.yarnpkg.com/tr46/-/tr46-0.0.3.tgz#8184fd347dac9cdc185992f3a6622e14b9d9ab6a"
    integrity sha512-N3WMsuqV66lT30CrXNbEjx4GEwlow3v6rr4mCcv6prnfwhS01rkgyFdjPNBYd9br7LpXV1+Emh01fHnq2Gdgrw==
  
  tslib@^2.1.0:
    version "2.5.0"
    resolved "https://registry.yarnpkg.com/tslib/-/tslib-2.5.0.tgz#42bfed86f5787aeb41d031866c8f402429e0fddf"
    integrity sha512-336iVw3rtn2BUK7ORdIAHTyxHGRIHVReokCR3XjbckJMK7ms8FysBfhLR8IXnAgy7T0PTPNBWKiH514FOW/WSg==
  
  use-sync-external-store@^1.0.0:
    version "1.2.0"
    resolved "https://registry.yarnpkg.com/use-sync-external-store/-/use-sync-external-store-1.2.0.tgz#7dbefd6ef3fe4e767a0cf5d7287aacfb5846928a"
    integrity sha512-eEgnFxGQ1Ife9bzYs6VLi8/4X6CObHMw9Qr9tPY43iKwsPw8xE8+EFsf/2cFZ5S3esXgpWgtSCtLNS41F+sKPA==
  
  webidl-conversions@^3.0.0:
    version "3.0.1"
    resolved "https://registry.yarnpkg.com/webidl-conversions/-/webidl-conversions-3.0.1.tgz#24534275e2a7bc6be7bc86611cc16ae0a5654871"
    integrity sha512-2JAn3z8AR6rjK8Sm8orRC0h/bcl/DqL7tRPdGZ4I1CjdF+EaMLmYxBHyXuKL849eucPFhvBoxMsflfOb8kxaeQ==
  
  websocket-driver@>=0.5.1:
    version "0.7.4"
    resolved "https://registry.yarnpkg.com/websocket-driver/-/websocket-driver-0.7.4.tgz#89ad5295bbf64b480abcba31e4953aca706f5760"
    integrity sha512-b17KeDIQVjvb0ssuSDF2cYXSg2iztliJ4B9WdsuB6J952qCPKmnVq4DyW5motImXHDC1cBT/1UezrJVsKw5zjg==
    dependencies:
      http-parser-js ">=0.5.1"
      safe-buffer ">=5.1.0"
      websocket-extensions ">=0.1.1"
  
  websocket-extensions@>=0.1.1:
    version "0.1.4"
    resolved "https://registry.yarnpkg.com/websocket-extensions/-/websocket-extensions-0.1.4.tgz#7f8473bc839dfd87608adb95d7eb075211578a42"
    integrity sha512-OqedPIGOfsDlo31UNwYbCFMSaO9m9G/0faIHj5/dZFDMFqPTcx6UwqyOy3COEaEOg/9VsGIpdqn62W5KhoKSpg==
  
  whatwg-url@^5.0.0:
    version "5.0.0"
    resolved "https://registry.yarnpkg.com/whatwg-url/-/whatwg-url-5.0.0.tgz#966454e8765462e37644d3626f6742ce8b70965d"
    integrity sha512-saE57nupxk6v3HY35+jzBwYa0rKSy0XR8JSxZPwgLr7ys0IBzhGviA1/TUGJLmSVqs8pb9AnvICXEuOHLprYTw==
    dependencies:
      tr46 "~0.0.3"
      webidl-conversions "^3.0.0"
  
  wrap-ansi@^7.0.0:
    version "7.0.0"
    resolved "https://registry.yarnpkg.com/wrap-ansi/-/wrap-ansi-7.0.0.tgz#67e145cff510a6a6984bdf1152911d69d2eb9e43"
    integrity sha512-YVGIj2kamLSTxw6NsZjoBxfSwsn0ycdesmc4p+Q21c5zPuZ1pl+NfxVdxPtdHvmNVOQ6XSYG4AUtyt/Fi7D16Q==
    dependencies:
      ansi-styles "^4.0.0"
      string-width "^4.1.0"
      strip-ansi "^6.0.0"
  
  y18n@^5.0.5:
    version "5.0.8"
    resolved "https://registry.yarnpkg.com/y18n/-/y18n-5.0.8.tgz#7f4934d0f7ca8c56f95314939ddcd2dd91ce1d55"
    integrity sha512-0pfFzegeDWJHJIAmTLRP2DwHjdF5s7jo9tuztdQxAhINCdvS+3nGINqPd00AphqJR/0LhANUS6/+7SCb98YOfA==
  
  yargs-parser@^20.2.2:
    version "20.2.9"
    resolved "https://registry.yarnpkg.com/yargs-parser/-/yargs-parser-20.2.9.tgz#2eb7dc3b0289718fc295f362753845c41a0c94ee"
    integrity sha512-y11nGElTIV+CT3Zv9t7VKl+Q3hTQoT9a1Qzezhhl6Rp21gJ/IVTW7Z3y9EWXhuUBC2Shnf+DX0antecpAwSP8w==
  
  yargs@^16.2.0:
    version "16.2.0"
    resolved "https://registry.yarnpkg.com/yargs/-/yargs-16.2.0.tgz#1c82bf0f6b6a66eafce7ef30e376f49a12477f66"
    integrity sha512-D1mvvtDG0L5ft/jGWkLpG1+m0eQxOfaBvTNELraWj22wSVUMWxZUvYgJYcKh6jGGIkJFhH4IZPQhR4TKpc8mBw==
    dependencies:
      cliui "^7.0.2"
      escalade "^3.1.1"
      get-caller-file "^2.0.5"
      require-directory "^2.1.1"
      string-width "^4.2.0"
      y18n "^5.0.5"
      yargs-parser "^20.2.2"
